<?xml version="1.0" encoding="UTF-8"?>
<!-- Generated by org.testng.reporters.JUnitXMLReporter -->
<testsuite ignored="0" hostname="NX00441" failures="1" tests="1" name="Default test" time="5.965" errors="0" timestamp="2020-01-21T16:20:16 PKT">
  <testcase classname="Skills.eventAddandDeletion" name="@BeforeClass initializeBrowser" time="-1.579605616503E9">
    <failure type="org.testng.TestNGException" message="
Parameter &amp;apos;baseURL&amp;apos; is required by BeforeClass on method initializeBrowser but has not been marked @Optional or defined
in C:\Users\gulraiz.shabbir\AppData\Local\Temp\testng-eclipse--1210529542\testng-customsuite.xml">
      <![CDATA[org.testng.TestNGException: 
Parameter 'baseURL' is required by BeforeClass on method initializeBrowser but has not been marked @Optional or defined
in C:\Users\gulraiz.shabbir\AppData\Local\Temp\testng-eclipse--1210529542\testng-customsuite.xml
at org.testng.internal.Parameters.createParams(Parameters.java:289)
at org.testng.internal.Parameters.createParametersForMethod(Parameters.java:377)
at org.testng.internal.Parameters.createParameters(Parameters.java:721)
at org.testng.internal.Parameters.createConfigurationParameters(Parameters.java:164)
at org.testng.internal.ConfigInvoker.invokeConfigurations(ConfigInvoker.java:275)
at org.testng.internal.TestMethodWorker.invokeBeforeClassMethods(TestMethodWorker.java:176)
at org.testng.internal.TestMethodWorker.run(TestMethodWorker.java:122)
at java.base/java.util.ArrayList.forEach(ArrayList.java:1507)
at org.testng.TestRunner.privateRun(TestRunner.java:770)
at org.testng.TestRunner.run(TestRunner.java:591)
at org.testng.SuiteRunner.runTest(SuiteRunner.java:402)
at org.testng.SuiteRunner.runSequentially(SuiteRunner.java:396)
at org.testng.SuiteRunner.privateRun(SuiteRunner.java:355)
at org.testng.SuiteRunner.run(SuiteRunner.java:304)
at org.testng.SuiteRunnerWorker.runSuite(SuiteRunnerWorker.java:53)
at org.testng.SuiteRunnerWorker.run(SuiteRunnerWorker.java:96)
at org.testng.TestNG.runSuitesSequentially(TestNG.java:1180)
at org.testng.TestNG.runSuitesLocally(TestNG.java:1102)
at org.testng.TestNG.runSuites(TestNG.java:1032)
at org.testng.TestNG.run(TestNG.java:1000)
at org.testng.remote.AbstractRemoteTestNG.run(AbstractRemoteTestNG.java:115)
at org.testng.remote.RemoteTestNG.initAndRun(RemoteTestNG.java:251)
at org.testng.remote.RemoteTestNG.main(RemoteTestNG.java:77)
]]>
    </failure>
  </testcase> <!-- @BeforeClass initializeBrowser -->
  <testcase classname="Skills.eventAddandDeletion" name="@AfterClass destroyDriver" time="-1.579605616533E9">
    <skipped/>
  </testcase> <!-- @AfterClass destroyDriver -->
  <testcase classname="Skills.eventAddandDeletion" name="@AfterTest removeParametes" time="-1.579605616538E9">
    <skipped/>
  </testcase> <!-- @AfterTest removeParametes -->
  <testcase classname="Skills.eventAddandDeletion" name="setEvent" time="0.0">
    <failure type="org.testng.TestNGException" message="
Parameter &amp;apos;EventName&amp;apos; is required by @Test on method setEvent but has not been marked @Optional or defined
in C:\Users\gulraiz.shabbir\AppData\Local\Temp\testng-eclipse--1210529542\testng-customsuite.xml">
      <![CDATA[org.testng.TestNGException: 
Parameter 'EventName' is required by @Test on method setEvent but has not been marked @Optional or defined
in C:\Users\gulraiz.shabbir\AppData\Local\Temp\testng-eclipse--1210529542\testng-customsuite.xml
at org.testng.internal.Parameters.createParams(Parameters.java:289)
at org.testng.internal.Parameters.createParametersForMethod(Parameters.java:377)
at org.testng.internal.Parameters.createParameters(Parameters.java:721)
at org.testng.internal.Parameters.handleParameters(Parameters.java:895)
at org.testng.internal.Parameters.handleParameters(Parameters.java:762)
at org.testng.internal.ParameterHandler.handleParameters(ParameterHandler.java:60)
at org.testng.internal.ParameterHandler.createParameters(ParameterHandler.java:39)
at org.testng.internal.TestInvoker$MethodInvocationAgent.invoke(TestInvoker.java:771)
at org.testng.internal.TestInvoker.invokeTestMethods(TestInvoker.java:145)
at org.testng.internal.TestMethodWorker.invokeTestMethods(TestMethodWorker.java:146)
at org.testng.internal.TestMethodWorker.run(TestMethodWorker.java:128)
at java.base/java.util.ArrayList.forEach(ArrayList.java:1507)
at org.testng.TestRunner.privateRun(TestRunner.java:770)
at org.testng.TestRunner.run(TestRunner.java:591)
at org.testng.SuiteRunner.runTest(SuiteRunner.java:402)
at org.testng.SuiteRunner.runSequentially(SuiteRunner.java:396)
at org.testng.SuiteRunner.privateRun(SuiteRunner.java:355)
at org.testng.SuiteRunner.run(SuiteRunner.java:304)
at org.testng.SuiteRunnerWorker.runSuite(SuiteRunnerWorker.java:53)
at org.testng.SuiteRunnerWorker.run(SuiteRunnerWorker.java:96)
at org.testng.TestNG.runSuitesSequentially(TestNG.java:1180)
at org.testng.TestNG.runSuitesLocally(TestNG.java:1102)
at org.testng.TestNG.runSuites(TestNG.java:1032)
at org.testng.TestNG.run(TestNG.java:1000)
at org.testng.remote.AbstractRemoteTestNG.run(AbstractRemoteTestNG.java:115)
at org.testng.remote.RemoteTestNG.initAndRun(RemoteTestNG.java:251)
at org.testng.remote.RemoteTestNG.main(RemoteTestNG.java:77)
]]>
    </failure>
  </testcase> <!-- setEvent -->
</testsuite> <!-- Default test -->
